[    0.000000] Linux version 4.15.0-171-generic (buildd@ubuntu) (gcc version 7.5.0 (Ubuntu 7.5.0-3ubuntu1~18.04)) #180-Ubuntu SMP Wed Mar 2 17:25:05 UTC 2022 (Ubuntu 4.15.0-171.180-generic 4.15.18)
[    0.000000] Command line: BOOT_IMAGE=/boot/vmlinuz-4.15.0-171-generic root=LABEL=cloudimg-rootfs ro console=tty1 console=ttyS0
[    0.000000] KERNEL supported cpus:
[    0.000000]   Intel GenuineIntel
[    0.000000]   AMD AuthenticAMD
[    0.000000]   Centaur CentaurHauls
[    0.000000] x86/fpu: Supporting XSAVE feature 0x001: 'x87 floating point registers'
[    0.000000] x86/fpu: Supporting XSAVE feature 0x002: 'SSE registers'
[    0.000000] x86/fpu: Enabled xstate features 0x3, context size is 576 bytes, using 'standard' format.
[    0.000000] e820: BIOS-provided physical RAM map:
[    0.000000] BIOS-e820: [mem 0x0000000000000000-0x000000000009fbff] usable
[    0.000000] BIOS-e820: [mem 0x000000000009fc00-0x000000000009ffff] reserved
[    0.000000] BIOS-e820: [mem 0x00000000000f0000-0x00000000000fffff] reserved
[    0.000000] BIOS-e820: [mem 0x0000000000100000-0x000000003ffeffff] usable
[    0.000000] BIOS-e820: [mem 0x000000003fff0000-0x000000003fffffff] ACPI data
[    0.000000] BIOS-e820: [mem 0x00000000fec00000-0x00000000fec00fff] reserved
[    0.000000] BIOS-e820: [mem 0x00000000fee00000-0x00000000fee00fff] reserved
[    0.000000] BIOS-e820: [mem 0x00000000fffc0000-0x00000000ffffffff] reserved
[    0.000000] NX (Execute Disable) protection: active
[    0.000000] SMBIOS 2.5 present.
[    0.000000] DMI: innotek GmbH VirtualBox/VirtualBox, BIOS VirtualBox 12/01/2006
[    0.000000] Hypervisor detected: KVM
[    0.000000] e820: last_pfn = 0x3fff0 max_arch_pfn = 0x400000000
[    0.000000] MTRR: Disabled
[    0.000000] x86/PAT: MTRRs disabled, skipping PAT initialization too.
[    0.000000] CPU MTRRs all blank - virtualized system.
[    0.000000] x86/PAT: Configuration [0-7]: WB  WT  UC- UC  WB  WT  UC- UC  
[    0.000000] found SMP MP-table at [mem 0x0009fff0-0x0009ffff]
[    0.000000] Scanning 1 areas for low memory corruption
[    0.000000] RAMDISK: [mem 0x359cb000-0x36cdcfff]
[    0.000000] ACPI: Early table checksum verification disabled
[    0.000000] ACPI: RSDP 0x00000000000E0000 000024 (v02 VBOX  )
[    0.000000] ACPI: XSDT 0x000000003FFF0030 00003C (v01 VBOX   VBOXXSDT 00000001 ASL  00000061)
[    0.000000] ACPI: FACP 0x000000003FFF00F0 0000F4 (v04 VBOX   VBOXFACP 00000001 ASL  00000061)
[    0.000000] ACPI: DSDT 0x000000003FFF0470 002325 (v02 VBOX   VBOXBIOS 00000002 INTL 20100528)
[    0.000000] ACPI: FACS 0x000000003FFF0200 000040
[    0.000000] ACPI: FACS 0x000000003FFF0200 000040
[    0.000000] ACPI: APIC 0x000000003FFF0240 00005C (v02 VBOX   VBOXAPIC 00000001 ASL  00000061)
[    0.000000] ACPI: SSDT 0x000000003FFF02A0 0001CC (v01 VBOX   VBOXCPUT 00000002 INTL 20100528)
[    0.000000] ACPI: Reserving FACP table memory at [mem 0x3fff00f0-0x3fff01e3]
[    0.000000] ACPI: Reserving DSDT table memory at [mem 0x3fff0470-0x3fff2794]
[    0.000000] ACPI: Reserving FACS table memory at [mem 0x3fff0200-0x3fff023f]
[    0.000000] ACPI: Reserving FACS table memory at [mem 0x3fff0200-0x3fff023f]
[    0.000000] ACPI: Reserving APIC table memory at [mem 0x3fff0240-0x3fff029b]
[    0.000000] ACPI: Reserving SSDT table memory at [mem 0x3fff02a0-0x3fff046b]
[    0.000000] No NUMA configuration found
[    0.000000] Faking a node at [mem 0x0000000000000000-0x000000003ffeffff]
[    0.000000] NODE_DATA(0) allocated [mem 0x3ffc5000-0x3ffeffff]
[    0.000000] kvm-clock: cpu 0, msr 0:3ff44001, primary cpu clock
[    0.000000] kvm-clock: Using msrs 4b564d01 and 4b564d00
[    0.000000] kvm-clock: using sched offset of 7887790242 cycles
[    0.000000] clocksource: kvm-clock: mask: 0xffffffffffffffff max_cycles: 0x1cd42e4dffb, max_idle_ns: 881590591483 ns
[    0.000000] Zone ranges:
[    0.000000]   DMA      [mem 0x0000000000001000-0x0000000000ffffff]
[    0.000000]   DMA32    [mem 0x0000000001000000-0x000000003ffeffff]
[    0.000000]   Normal   empty
[    0.000000]   Device   empty
[    0.000000] Movable zone start for each node
[    0.000000] Early memory node ranges
[    0.000000]   node   0: [mem 0x0000000000001000-0x000000000009efff]
[    0.000000]   node   0: [mem 0x0000000000100000-0x000000003ffeffff]
[    0.000000] Reserved but unavailable: 104 pages
[    0.000000] Initmem setup node 0 [mem 0x0000000000001000-0x000000003ffeffff]
[    0.000000] ACPI: PM-Timer IO Port: 0x4008
[    0.000000] IOAPIC[0]: apic_id 2, version 32, address 0xfec00000, GSI 0-23
[    0.000000] ACPI: INT_SRC_OVR (bus 0 bus_irq 0 global_irq 2 dfl dfl)
[    0.000000] ACPI: INT_SRC_OVR (bus 0 bus_irq 9 global_irq 9 low level)
[    0.000000] Using ACPI (MADT) for SMP configuration information
[    0.000000] smpboot: Allowing 2 CPUs, 0 hotplug CPUs
[    0.000000] PM: Registered nosave memory: [mem 0x00000000-0x00000fff]
[    0.000000] PM: Registered nosave memory: [mem 0x0009f000-0x0009ffff]
[    0.000000] PM: Registered nosave memory: [mem 0x000a0000-0x000effff]
[    0.000000] PM: Registered nosave memory: [mem 0x000f0000-0x000fffff]
[    0.000000] e820: [mem 0x40000000-0xfebfffff] available for PCI devices
[    0.000000] Booting paravirtualized kernel on KVM
[    0.000000] clocksource: refined-jiffies: mask: 0xffffffff max_cycles: 0xffffffff, max_idle_ns: 7645519600211568 ns
[    0.000000] random: get_random_bytes called from start_kernel+0x99/0x500 with crng_init=0
[    0.000000] setup_percpu: NR_CPUS:8192 nr_cpumask_bits:2 nr_cpu_ids:2 nr_node_ids:1
[    0.000000] percpu: Embedded 50 pages/cpu s167936 r8192 d28672 u1048576
[    0.000000] PV qspinlock hash table entries: 256 (order: 0, 4096 bytes)
[    0.000000] Built 1 zonelists, mobility grouping on.  Total pages: 257913
[    0.000000] Policy zone: DMA32
[    0.000000] Kernel command line: BOOT_IMAGE=/boot/vmlinuz-4.15.0-171-generic root=LABEL=cloudimg-rootfs ro console=tty1 console=ttyS0
[    0.000000] Memory: 982640K/1048120K available (12300K kernel code, 2483K rwdata, 4324K rodata, 2476K init, 2724K bss, 65480K reserved, 0K cma-reserved)
[    0.000000] SLUB: HWalign=64, Order=0-3, MinObjects=0, CPUs=2, Nodes=1
[    0.000000] Kernel/User page tables isolation: enabled
[    0.000000] ftrace: allocating 39503 entries in 155 pages
[    0.004000] Hierarchical RCU implementation.
[    0.004000] 	RCU restricting CPUs from NR_CPUS=8192 to nr_cpu_ids=2.
[    0.004000] 	Tasks RCU enabled.
[    0.004000] RCU: Adjusting geometry for rcu_fanout_leaf=16, nr_cpu_ids=2
[    0.004000] NR_IRQS: 524544, nr_irqs: 440, preallocated irqs: 16
[    0.004000] Console: colour VGA+ 80x25
[    0.004000] console [tty1] enabled
[    0.004000] console [ttyS0] enabled
[    0.004000] ACPI: Core revision 20170831
[    0.004000] ACPI: 2 ACPI AML tables successfully acquired and loaded
[    0.004000] APIC: Switch to symmetric I/O mode setup
[    0.004670] x2apic enabled
[    0.008019] Switched APIC routing to physical x2apic.
[    0.016000] ..TIMER: vector=0x30 apic1=0 pin1=2 apic2=-1 pin2=-1
[    0.016011] tsc: Detected 1696.074 MHz processor
[    0.020028] Calibrating delay loop (skipped) preset value.. 3392.14 BogoMIPS (lpj=6784296)
[    0.024012] pid_max: default: 32768 minimum: 301
[    0.028134] Security Framework initialized
[    0.032011] Yama: becoming mindful.
[    0.036084] AppArmor: AppArmor initialized
[    0.040489] Dentry cache hash table entries: 131072 (order: 8, 1048576 bytes)
[    0.044215] Inode-cache hash table entries: 65536 (order: 7, 524288 bytes)
[    0.048056] Mount-cache hash table entries: 2048 (order: 2, 16384 bytes)
[    0.052073] Mountpoint-cache hash table entries: 2048 (order: 2, 16384 bytes)
[    0.057647] Last level iTLB entries: 4KB 128, 2MB 8, 4MB 8
[    0.060012] Last level dTLB entries: 4KB 64, 2MB 0, 4MB 0, 1GB 4
[    0.064014] Spectre V1 : Mitigation: usercopy/swapgs barriers and __user pointer sanitization
[    0.068014] Spectre V2 : Mitigation: Retpolines
[    0.072009] Spectre V2 : Spectre v2 / SpectreRSB mitigation: Filling RSB on context switch
[    0.076010] Speculative Store Bypass: Vulnerable
[    0.080119] SRBDS: Unknown: Dependent on hypervisor status
[    0.084041] MDS: Mitigation: Clear CPU buffers
[    0.088762] Freeing SMP alternatives memory: 36K
[    0.210069] smpboot: CPU0: Intel(R) Celeron(R) CPU 3215U @ 1.70GHz (family: 0x6, model: 0x3d, stepping: 0x4)
[    0.212271] Performance Events: unsupported p6 CPU model 61 no PMU driver, software events only.
[    0.216148] Hierarchical SRCU implementation.
[    0.225011] NMI watchdog: Perf event create on CPU 0 failed with -2
[    0.228013] NMI watchdog: Perf NMI watchdog permanently disabled
[    0.232177] smp: Bringing up secondary CPUs ...
[    0.236420] x86: Booting SMP configuration:
[    0.240010] .... node  #0, CPUs:      #1
[    0.004000] kvm-clock: cpu 1, msr 0:3ff44041, secondary cpu clock
[    0.254088] smp: Brought up 1 node, 2 CPUs
[    0.256036] smpboot: Max logical packages: 1
[    0.260021] smpboot: Total of 2 processors activated (6784.29 BogoMIPS)
[    0.268162] devtmpfs: initialized
[    0.272248] x86/mm: Memory block size: 128MB
[    0.276734] evm: security.selinux
[    0.279225] evm: security.SMACK64
[    0.280014] evm: security.SMACK64EXEC
[    0.284014] evm: security.SMACK64TRANSMUTE
[    0.288010] evm: security.SMACK64MMAP
[    0.292011] evm: security.apparmor
[    0.294546] evm: security.ima
[    0.296011] evm: security.capability
[    0.301023] clocksource: jiffies: mask: 0xffffffff max_cycles: 0xffffffff, max_idle_ns: 7645041785100000 ns
[    0.304058] futex hash table entries: 512 (order: 3, 32768 bytes)
[    0.308147] pinctrl core: initialized pinctrl subsystem
[    0.316374] RTC time:  8:10:18, date: 03/20/22
[    0.321361] NET: Registered protocol family 16
[    0.324646] audit: initializing netlink subsys (disabled)
[    0.328109] audit: type=2000 audit(1647763827.592:1): state=initialized audit_enabled=0 res=1
[    0.332024] cpuidle: using governor ladder
[    0.336029] cpuidle: using governor menu
[    0.340234] ACPI: bus type PCI registered
[    0.344012] acpiphp: ACPI Hot Plug PCI Controller Driver version: 0.5
[    0.348433] PCI: Using configuration type 1 for base access
[    0.361220] HugeTLB registered 2.00 MiB page size, pre-allocated 0 pages
[    0.364155] ACPI: Added _OSI(Module Device)
[    0.368028] ACPI: Added _OSI(Processor Device)
[    0.372014] ACPI: Added _OSI(3.0 _SCP Extensions)
[    0.376013] ACPI: Added _OSI(Processor Aggregator Device)
[    0.380015] ACPI: Added _OSI(Linux-Dell-Video)
[    0.384016] ACPI: Added _OSI(Linux-Lenovo-NV-HDMI-Audio)
[    0.388025] ACPI: Added _OSI(Linux-HPI-Hybrid-Graphics)
[    0.396105] ACPI: Executed 1 blocks of module-level executable AML code
[    0.427253] ACPI: Interpreter enabled
[    0.428066] ACPI: (supports S0 S5)
[    0.432009] ACPI: Using IOAPIC for interrupt routing
[    0.437783] PCI: Using host bridge windows from ACPI; if necessary, use "pci=nocrs" and report a bug
[    0.441004] ACPI: Enabled 2 GPEs in block 00 to 07
[    0.489055] ACPI: PCI Root Bridge [PCI0] (domain 0000 [bus 00-ff])
[    0.492029] acpi PNP0A03:00: _OSC: OS supports [ASPM ClockPM Segments MSI]
[    0.500097] acpi PNP0A03:00: _OSC: not requesting OS control; OS requires [ExtendedConfig ASPM ClockPM MSI]
[    0.504064] acpi PNP0A03:00: fail to add MMCONFIG information, can't access extended PCI configuration space under this bridge.
[    0.509917] PCI host bridge to bus 0000:00
[    0.512092] pci_bus 0000:00: root bus resource [io  0x0000-0x0cf7 window]
[    0.516017] pci_bus 0000:00: root bus resource [io  0x0d00-0xffff window]
[    0.520020] pci_bus 0000:00: root bus resource [mem 0x000a0000-0x000bffff window]
[    0.524017] pci_bus 0000:00: root bus resource [mem 0x40000000-0xfdffffff window]
[    0.528016] pci_bus 0000:00: root bus resource [bus 00-ff]
[    0.539212] pci 0000:00:01.1: legacy IDE quirk: reg 0x10: [io  0x01f0-0x01f7]
[    0.540014] pci 0000:00:01.1: legacy IDE quirk: reg 0x14: [io  0x03f6]
[    0.544015] pci 0000:00:01.1: legacy IDE quirk: reg 0x18: [io  0x0170-0x0177]
[    0.548014] pci 0000:00:01.1: legacy IDE quirk: reg 0x1c: [io  0x0376]
[    0.608948] pci 0000:00:07.0: quirk: [io  0x4000-0x403f] claimed by PIIX4 ACPI
[    0.612051] pci 0000:00:07.0: quirk: [io  0x4100-0x410f] claimed by PIIX4 SMB
[    0.647522] ACPI: PCI Interrupt Link [LNKA] (IRQs 5 9 10 *11)
[    0.653621] ACPI: PCI Interrupt Link [LNKB] (IRQs 5 9 *10 11)
[    0.660239] ACPI: PCI Interrupt Link [LNKC] (IRQs 5 *9 10 11)
[    0.664637] ACPI: PCI Interrupt Link [LNKD] (IRQs 5 9 10 *11)
[    0.670135] SCSI subsystem initialized
[    0.672164] pci 0000:00:02.0: vgaarb: setting as boot VGA device
[    0.676000] pci 0000:00:02.0: vgaarb: VGA device added: decodes=io+mem,owns=io+mem,locks=none
[    0.676050] pci 0000:00:02.0: vgaarb: bridge control possible
[    0.680011] vgaarb: loaded
[    0.682175] ACPI: bus type USB registered
[    0.684103] usbcore: registered new interface driver usbfs
[    0.688052] usbcore: registered new interface driver hub
[    0.692049] usbcore: registered new device driver usb
[    0.696232] EDAC MC: Ver: 3.0.0
[    0.700944] PCI: Using ACPI for IRQ routing
[    0.708224] NetLabel: Initializing
[    0.711816] NetLabel:  domain hash size = 128
[    0.712008] NetLabel:  protocols = UNLABELED CIPSOv4 CALIPSO
[    0.716074] NetLabel:  unlabeled traffic allowed by default
[    0.720256] clocksource: Switched to clocksource kvm-clock
[    0.808696] VFS: Disk quotas dquot_6.6.0
[    0.811457] VFS: Dquot-cache hash table entries: 512 (order 0, 4096 bytes)
[    0.818049] AppArmor: AppArmor Filesystem Enabled
[    0.826020] pnp: PnP ACPI init
[    0.834384] pnp: PnP ACPI: found 3 devices
[    0.856391] clocksource: acpi_pm: mask: 0xffffff max_cycles: 0xffffff, max_idle_ns: 2085701024 ns
[    0.863740] NET: Registered protocol family 2
[    0.866884] IP idents hash table entries: 16384 (order: 5, 131072 bytes)
[    0.875343] TCP established hash table entries: 8192 (order: 4, 65536 bytes)
[    0.882090] TCP bind hash table entries: 8192 (order: 5, 131072 bytes)
[    0.886731] TCP: Hash tables configured (established 8192 bind 8192)
[    0.892656] UDP hash table entries: 512 (order: 2, 16384 bytes)
[    0.896543] UDP-Lite hash table entries: 512 (order: 2, 16384 bytes)
[    0.901198] NET: Registered protocol family 1
[    0.904305] pci 0000:00:00.0: Limiting direct PCI/PCI transfers
[    0.910080] pci 0000:00:01.0: Activating ISA DMA hang workarounds
[    0.917317] pci 0000:00:02.0: Video device with shadowed ROM at [mem 0x000c0000-0x000dffff]
[    0.927779] Unpacking initramfs...
[    2.563891] Freeing initrd memory: 19528K
[    2.578482] clocksource: tsc: mask: 0xffffffffffffffff max_cycles: 0x1872aa7eed8, max_idle_ns: 440795242723 ns
[    2.586029] platform rtc_cmos: registered platform RTC device (no PNP device found)
[    2.595360] Scanning for low memory corruption every 60 seconds
[    2.601696] Initialise system trusted keyrings
[    2.605001] Key type blacklist registered
[    2.609783] workingset: timestamp_bits=36 max_order=18 bucket_order=0
[    2.620982] zbud: loaded
[    2.626724] squashfs: version 4.0 (2009/01/31) Phillip Lougher
[    2.632325] fuse init (API version 7.26)
[    2.644672] Key type asymmetric registered
[    2.647476] Asymmetric key parser 'x509' registered
[    2.651278] Block layer SCSI generic (bsg) driver version 0.4 loaded (major 246)
[    2.657876] io scheduler noop registered
[    2.660802] io scheduler deadline registered
[    2.664649] io scheduler cfq registered (default)
[    2.668591] ACPI: AC Adapter [AC] (on-line)
[    2.671697] input: Power Button as /devices/LNXSYSTM:00/LNXPWRBN:00/input/input0
[    2.679020] ACPI: Power Button [PWRF]
[    2.682280] input: Sleep Button as /devices/LNXSYSTM:00/LNXSLPBN:00/input/input1
[    2.687573] ACPI: Sleep Button [SLPF]
[    2.696997] ACPI: Battery Slot [BAT0] (battery present)
[    2.700971] Serial: 8250/16550 driver, 32 ports, IRQ sharing enabled
[    2.729659] 00:02: ttyS0 at I/O 0x3f8 (irq = 4, base_baud = 115200) is a 16550A
[    2.744945] Linux agpgart interface v0.103
[    2.753289] loop: module loaded
[    2.759295] scsi host0: ata_piix
[    2.762331] scsi host1: ata_piix
[    2.765026] ata1: PATA max UDMA/33 cmd 0x1f0 ctl 0x3f6 bmdma 0xd000 irq 14
[    2.769460] ata2: PATA max UDMA/33 cmd 0x170 ctl 0x376 bmdma 0xd008 irq 15
[    2.775628] libphy: Fixed MDIO Bus: probed
[    2.779297] tun: Universal TUN/TAP device driver, 1.6
[    2.784273] PPP generic driver version 2.4.2
[    2.787433] ehci_hcd: USB 2.0 'Enhanced' Host Controller (EHCI) Driver
[    2.794292] ehci-pci: EHCI PCI platform driver
[    2.797460] ehci-platform: EHCI generic platform driver
[    2.801105] ohci_hcd: USB 1.1 'Open' Host Controller (OHCI) Driver
[    2.805660] ohci-pci: OHCI PCI platform driver
[    2.810699] ohci-platform: OHCI generic platform driver
[    2.814573] uhci_hcd: USB Universal Host Controller Interface driver
[    2.819027] i8042: PNP: PS/2 Controller [PNP0303:PS2K,PNP0f03:PS2M] at 0x60,0x64 irq 1,12
[    2.828855] serio: i8042 KBD port at 0x60,0x64 irq 1
[    2.832852] serio: i8042 AUX port at 0x60,0x64 irq 12
[    2.836777] mousedev: PS/2 mouse device common for all mice
[    2.843993] rtc_cmos rtc_cmos: rtc core: registered rtc_cmos as rtc0
[    2.848438] input: AT Translated Set 2 keyboard as /devices/platform/i8042/serio0/input/input2
[    2.852323] rtc_cmos rtc_cmos: alarms up to one day, 114 bytes nvram
[    2.860858] i2c /dev entries driver
[    2.863387] device-mapper: uevent: version 1.0.3
[    2.867276] device-mapper: ioctl: 4.37.0-ioctl (2017-09-20) initialised: dm-devel@redhat.com
[    2.874723] ledtrig-cpu: registered to indicate activity on CPUs
[    2.880314] NET: Registered protocol family 10
[    2.898900] Segment Routing with IPv6
[    2.901816] NET: Registered protocol family 17
[    2.905592] Key type dns_resolver registered
[    2.912247] mce: Using 0 MCE banks
[    2.915044] RAS: Correctable Errors collector initialized.
[    2.918916] sched_clock: Marking stable (2918849613, 0)->(4176253574, -1257403961)
[    2.927471] registered taskstats version 1
[    2.931103] Loading compiled-in X.509 certificates
[    2.981130] Loaded X.509 cert 'Build time autogenerated kernel key: af32452646252a8bcb28446c2c4754d4174d97ad'
[    2.991347] Loaded X.509 cert 'Canonical Ltd. Live Patch Signing: 14df34d1a87cf37625abec039ef2bf521249b969'
[    2.999972] Loaded X.509 cert 'Canonical Ltd. Kernel Module Signing: 88f752e560a1e0737e31163a466ad7b70a850c19'
[    3.008352] blacklist: Loading compiled-in revocation X.509 certificates
[    3.013679] Loaded X.509 cert 'Canonical Ltd. Secure Boot Signing: 61482aa2830d0ab2ad5af10b7250da9033ddcef0'
[    3.020641] zswap: loaded using pool lzo/zbud
[    3.043105] Key type big_key registered
[    3.046849] Key type trusted registered
[    3.057038] Key type encrypted registered
[    3.060293] AppArmor: AppArmor sha1 policy hashing enabled
[    3.065009] ima: No TPM chip found, activating TPM-bypass! (rc=-19)
[    3.069230] ima: Allocated hash algorithm: sha1
[    3.073207] evm: HMAC attrs: 0x1
[    3.078052]   Magic number: 14:945:169
[    3.081908] rtc_cmos rtc_cmos: setting system clock to 2022-03-20 08:10:21 UTC (1647763821)
[    3.088163] BIOS EDD facility v0.16 2004-Jun-25, 0 devices found
[    3.094256] EDD information not available.
[    3.118980] Freeing unused kernel image memory: 2476K
[    3.523999] Write protecting the kernel read-only data: 20480k
[    3.530169] Freeing unused kernel image memory: 2008K
[    3.535348] Freeing unused kernel image memory: 1820K
[    3.608324] x86/mm: Checked W+X mappings: passed, no W+X pages found.
[    3.613501] x86/mm: Checking user space page tables
[    3.684580] x86/mm: Checked W+X mappings: passed, no W+X pages found.
Loading, please wait...
starting version 237
[    4.009073] Fusion MPT base driver 3.04.20
[    4.014111] Copyright (c) 1999-2008 LSI Corporation
[    4.029191] e1000: Intel(R) PRO/1000 Network Driver - version 7.3.21-k8-NAPI
[    4.037626] e1000: Copyright (c) 1999-2006 Intel Corporation.
[    4.163954] Fusion MPT SPI Host driver 3.04.20
[    4.359531] input: ImExPS/2 Generic Explorer Mouse as /devices/platform/i8042/serio1/input/input4
[    4.894504] e1000 0000:00:03.0 eth0: (PCI:33MHz:32-bit) 02:c8:d3:21:ca:c6
[    4.899142] e1000 0000:00:03.0 eth0: Intel(R) PRO/1000 Network Connection
[    4.910622] mptbase: ioc0: Initiating bringup
[    4.911616] e1000 0000:00:03.0 enp0s3: renamed from eth0
[    5.013189] ioc0: LSI53C1030 A0: Capabilities={Initiator}
[    5.261363] scsi host2: ioc0: LSI53C1030 A0, FwRev=00000000h, Ports=1, MaxQ=256, IRQ=20
[    5.437349] scsi 2:0:0:0: Direct-Access     VBOX     HARDDISK         1.0  PQ: 0 ANSI: 5
[    5.476049] scsi target2:0:0: Beginning Domain Validation
[    5.484319] scsi target2:0:0: Domain Validation skipping write tests
[    5.489807] scsi target2:0:0: Ending Domain Validation
[    5.494332] scsi target2:0:0: asynchronous
[    5.498262] random: fast init done
[    5.501144] scsi 2:0:1:0: Direct-Access     VBOX     HARDDISK         1.0  PQ: 0 ANSI: 5
[    5.540623] scsi target2:0:1: Beginning Domain Validation
[    5.548497] scsi target2:0:1: Domain Validation skipping write tests
[    5.552851] scsi target2:0:1: Ending Domain Validation
[    5.559657] scsi target2:0:1: asynchronous
[    5.580964] sd 2:0:0:0: Attached scsi generic sg0 type 0
[    5.581938] random: systemd-udevd: uninitialized urandom read (16 bytes read)
[    5.586729] sd 2:0:1:0: Attached scsi generic sg1 type 0
[    5.595163] random: systemd-udevd: uninitialized urandom read (16 bytes read)
[    5.607295] random: systemd-udevd: uninitialized urandom read (16 bytes read)
[    5.617178] sd 2:0:0:0: [sda] 83886080 512-byte logical blocks: (42.9 GB/40.0 GiB)
[    5.626060] sd 2:0:1:0: [sdb] 20480 512-byte logical blocks: (10.5 MB/10.0 MiB)
[    5.632022] sd 2:0:1:0: [sdb] Write Protect is off
[    5.636778] sd 2:0:0:0: [sda] Write Protect is off
[    5.642428] sd 2:0:1:0: [sdb] Incomplete mode parameter data
[    5.646379] sd 2:0:1:0: [sdb] Assuming drive cache: write through
[    5.650795] sd 2:0:0:0: [sda] Incomplete mode parameter data
[    5.655254] sd 2:0:0:0: [sda] Assuming drive cache: write through
[    6.432958]  sda: sda1
[    6.438146] sd 2:0:0:0: [sda] Attached SCSI disk
[    7.209278] sd 2:0:1:0: [sdb] Attached SCSI disk
Begin: Loading essential drivers ... [   11.592080] raid6: sse2x1   gen()  1119 MB/s
[   11.640841] raid6: sse2x1   xor()   810 MB/s
[   11.689523] raid6: sse2x2   gen()  2662 MB/s
[   11.740909] raid6: sse2x2   xor()  1426 MB/s
[   11.792659] raid6: sse2x4   gen()  2983 MB/s
[   11.844079] raid6: sse2x4   xor()  1456 MB/s
[   11.846997] raid6: using algorithm sse2x4 gen() 2983 MB/s
[   11.850652] raid6: .... xor() 1456 MB/s, rmw enabled
[   11.854371] raid6: using ssse3x2 recovery algorithm
[   11.863591] xor: measuring software checksum speed
[   11.904290]    prefetch64-sse:  7636.000 MB/sec
[   11.948189]    generic_sse:  6030.000 MB/sec
[   11.952139] xor: using function: prefetch64-sse (7636.000 MB/sec)
[   11.966667] async_tx: api initialized (async)
done.
Begin: Running /scripts/init-premount ... done.
Begin: Mounting root file system ... Begin: Running /scripts/local-top ... done.
Begin: Running /scripts/local-premount ... [   12.212671] Btrfs loaded, crc32c=crc32c-intel
Scanning for Btrfs filesystems
done.
Warning: fsck not present, so skipping root file system
[   12.306906] EXT4-fs (sda1): mounted filesystem with ordered data mode. Opts: (null)
done.
Begin: Running /scripts/local-bottom ... done.
Begin: Running /scripts/init-bottom ... done.
[   12.742663] ip_tables: (C) 2000-2006 Netfilter Core Team
[   12.773523] systemd[1]: systemd 237 running in system mode. (+PAM +AUDIT +SELINUX +IMA +APPARMOR +SMACK +SYSVINIT +UTMP +LIBCRYPTSETUP +GCRYPT +GNUTLS +ACL +XZ +LZ4 +SECCOMP +BLKID +ELFUTILS +KMOD -IDN2 +IDN -PCRE2 default-hierarchy=hybrid)
[   12.790314] systemd[1]: Detected virtualization oracle.
[   12.795062] systemd[1]: Detected architecture x86-64.

Welcome to [1mUbuntu 18.04.6 LTS[0m!

[   12.845634] systemd[1]: Set hostname to <ubuntu>.
[   12.861672] systemd[1]: Initializing machine ID from random generator.
[   12.866423] systemd[1]: Installed transient /etc/machine-id file.
[   13.250753] random: crng init done
[   13.259618] random: 7 urandom warning(s) missed due to ratelimiting
[   13.623707] systemd[1]: Reached target User and Group Name Lookups.
[[0;32m  OK  [0m] Reached target User and Group Name Lookups.
[   13.634711] systemd[1]: Created slice User and Session Slice.
[[0;32m  OK  [0m] Created slice User and Session Slice.
[   13.643046] systemd[1]: Reached target System Time Synchronized.
[[0;32m  OK  [0m] Reached target System Time Synchronized.
[   13.847039] systemd[1]: Created slice System Slice.
[[0;32m  OK  [0m] Created slice System Slice.
[[0;32m  OK  [0m] Listening on Syslog Socket.
[[0;32m  OK  [0m] Created slice system-serial\x2dgetty.slice.
[[0;32m  OK  [0m] Listening on Journal Socket.
         Starting Set the console keyboard layout...
         Starting Load Kernel Modules...
         Mounting Kernel Debug File System...
         Starting Uncomplicated firewall...
[[0;32m  OK  [0m] Listening on fsck to fsckd communication Socket.
         Starting File System Check on Root Device...
[[0;32m  OK  [0m] Reached target Slices.
[[0;32m  OK  [0m] Listening on /dev/initctl Compatibility Named Pipe.
[[0;32m  OK  [0m] Listening on LVM2 poll daemon socket.
[[0;32m  OK  [0m[   13.954213] Loading iSCSI transport class v2.0-870.
] Listening on Journal Audit Socket.
[[0;32m  OK  [0m] Started Forward Password Requests to Wall Directory Watch.
[[0;32m  OK  [0m] Listening on Device-mapper event daemon FIFOs.
[[0;32m  OK  [0m] Set up automount Arbitrary Executab…rmats File System Automount Point.
[   13.991959] iscsi: registered transport (tcp)
         Mounting POSIX Message Queue File System...
[[0;32m  OK  [0m] Listening on udev Control Socket.
[[0;32m  OK  [0m] Listening on LVM2 metadata daemon socket.
         Starting Monitoring of LVM2 mirrors…ng dmeventd or progress polling...
[[0;32m  OK  [0m] Reached target Swap.
         Starting Create list of required st…ce nodes for the current kernel...
[[0;32m  OK  [0m] Listening on Network Service Netlink Socket.
[[0;32m  OK  [0m] Listening on Journal Socket (/dev/log).
         Starting Journal Service...
[[0;32m  OK  [0m] Listening on udev Kernel Socket.
         Starting udev Coldplug all Devices...
         Mounting Huge Pages File System...
[[0;32m  OK  [0m] Mounted Kernel Debug File System.
[[0;32m  OK  [0m] Started Uncomplicated firewall.
[[0;32m  OK  [0m] Started File System Check on Root Device.
[[0;32m  OK  [0m] Mounted POSIX Message Queue File System.
[[0;32m  OK  [0m] Mounted Huge Pages File System.
[[0;32m  OK  [0m] Started File System Check Daemon to report status.
         Starting Remount Root and Kernel File Systems...
[[0;32m  OK  [0m] Started Create list of required sta…vice nodes for the current kernel.
         Starting Create Static Device Nodes in /dev...
[[0;32m  OK  [0m] Started LVM2 metadata daemon.
[   14.404452] EXT4-fs (sda1): re-mounted. Opts: (null)
[[0;32m  OK  [0m] Started Remount Root and Kernel File Systems.
         Starting Load/Save Random Seed...
[[0;32m  OK  [0m] Started Create Static Device Nodes in /dev.
         Starting udev Kernel Device Manager...
[   14.555138] iscsi: registered transport (iser)
[[0;32m  OK  [0m] Started Monitoring of LVM2 mirrors,…sing dmeventd or progress polling.
[[0;32m  OK  [0m] Started Load/Save Random Seed.
[[0;32m  OK  [0m] Started Load Kernel Modules.
         Mounting FUSE Control File System...
         Mounting Kernel Configuration File System...
         Starting Apply Kernel Variables...
[[0;32m  OK  [0m] Mounted FUSE Control File System.
[[0;32m  OK  [0m] Mounted Kernel Configuration File System.
[[0;32m  OK  [0m] Started udev Coldplug all Devices.
[[0;32m  OK  [0m] Started Journal Service.
         Starting Flush Journal to Persistent Storage...
[[0;32m  OK  [0m] Started udev Kernel Device Manager.
[[0;32m  OK  [0m] Started Apply Kernel Variables.
[[0;32m  OK  [0m] Started Flush Journal to Persistent Storage.
[[0;32m  OK  [0m] Found device /dev/ttyS0.
[[0;32m  OK  [0m] Listening on Load/Save RF Kill Switch Status /dev/rfkill Watch.
[[0;32m  OK  [0m] Started Set the console keyboard layout.
[[0;32m  OK  [0m] Started Dispatch Password Requests to Console Directory Watch.
[[0;32m  OK  [0m] Reached target Local Encrypted Volumes.
[[0;32m  OK  [0m] Reached target Local File Systems (Pre).
[[0;32m  OK  [0m] Reached target Local File Systems.
         Starting Commit a transient machine-id on disk...
         Starting ebtables ruleset management...
         Starting AppArmor initialization...
         Starting Create Volatile Files and Directories...
         Starting Set console font and keymap...
         Starting Tell Plymouth To Write Out Runtime Data...
[[0;32m  OK  [0m] Started Set console font and keymap.
[[0;32m  OK  [0m] Started Tell Plymouth To Write Out Runtime Data.
[[0;32m  OK  [0m] Started Create Volatile Files and Directories.
[[0;32m  OK  [0m] Started Commit a transient machine-id on disk.
         Starting Update UTMP about System Boot/Shutdown...
[[0;32m  OK  [0m] Started Update UTMP about System Boot/Shutdown.
[[0;32m  OK  [0m] Started ebtables ruleset management.
[[0;32m  OK  [0m] Started AppArmor initialization.
         Starting Initial cloud-init job (pre-networking)...
         Starting Load AppArmor profiles managed internally by snapd...
[[0;32m  OK  [0m] Started Load AppArmor profiles managed internally by snapd.
[   28.592923] cloud-init[595]: Cloud-init v. 21.4-0ubuntu1~18.04.1 running 'init-local' at Sun, 20 Mar 2022 08:10:45 +0000. Up 27.19 seconds.
[[0;32m  OK  [0m] Started Initial cloud-init job (pre-networking).
[[0;32m  OK  [0m] Reached target Network (Pre).
         Starting Network Service...
[[0;32m  OK  [0m] Started Network Service.
         Starting Wait for Network to be Configured...
         Starting Network Name Resolution...
[[0;32m  OK  [0m] Started Network Name Resolution.
[[0;32m  OK  [0m] Reached target Host and Network Name Lookups.
[[0;32m  OK  [0m] Reached target Network.
[[0;32m  OK  [0m] Started Wait for Network to be Configured.
         Starting Initial cloud-init job (metadata service crawler)...
[   33.756433] cloud-init[707]: Cloud-init v. 21.4-0ubuntu1~18.04.1 running 'init' at Sun, 20 Mar 2022 08:10:51 +0000. Up 32.85 seconds.
[   33.774065] cloud-init[707]: ci-info: ++++++++++++++++++++++++++++++++++++++Net device info++++++++++++++++++++++++++++++++++++++
[   33.781481] cloud-init[707]: ci-info: +--------+------+----------------------------+---------------+--------+-------------------+
[   33.787631] cloud-init[707]: ci-info: | Device |  Up  |          Address           |      Mask     | Scope  |     Hw-Address    |
[   33.805875] cloud-init[707]: ci-info: +--------+------+----------------------------+---------------+--------+-------------------+
[   33.813425] cloud-init[707]: ci-info: | enp0s3 | True |         10.0.2.15          | 255.255.255.0 | global | 02:c8:d3:21:ca:c6 |
[   33.823383] cloud-init[707]: ci-info: | enp0s3 | True | fe80::c8:d3ff:fe21:cac6/64 |       .       |  link  | 02:c8:d3:21:ca:c6 |
[   33.830163] cloud-init[707]: ci-info: |   lo   | True |         127.0.0.1          |   255.0.0.0   |  host  |         .         |
[   33.842245] cloud-init[707]: ci-info: |   lo   | True |          ::1/128           |       .       |  host  |         .         |
[   33.849023] cloud-init[707]: ci-info: +--------+------+----------------------------+---------------+--------+-------------------+
[   33.858135] cloud-init[707]: ci-info: ++++++++++++++++++++++++++++Route IPv4 info+++++++++++++++++++++++++++++
[   33.866612] cloud-init[707]: ci-info: +-------+-------------+----------+-----------------+-----------+-------+
[   33.877490] cloud-init[707]: ci-info: | Route | Destination | Gateway  |     Genmask     | Interface | Flags |
[   33.884343] cloud-init[707]: ci-info: +-------+-------------+----------+-----------------+-----------+-------+
[   33.892440] cloud-init[707]: ci-info: |   0   |   0.0.0.0   | 10.0.2.2 |     0.0.0.0     |   enp0s3  |   UG  |
[   33.897956] cloud-init[707]: ci-info: |   1   |   10.0.2.0  | 0.0.0.0  |  255.255.255.0  |   enp0s3  |   U   |
[   33.906735] cloud-init[707]: ci-info: |   2   |   10.0.2.2  | 0.0.0.0  | 255.255.255.255 |   enp0s3  |   UH  |
[   33.911961] cloud-init[707]: ci-info: +-------+-------------+----------+-----------------+-----------+-------+
[   33.918844] cloud-init[707]: ci-info: +++++++++++++++++++Route IPv6 info+++++++++++++++++++
[   33.926522] cloud-init[707]: ci-info: +-------+-------------+---------+-----------+-------+
[   33.930931] cloud-init[707]: ci-info: | Route | Destination | Gateway | Interface | Flags |
[   33.935188] cloud-init[707]: ci-info: +-------+-------------+---------+-----------+-------+
[   33.938050] cloud-init[707]: ci-info: |   1   |  fe80::/64  |    ::   |   enp0s3  |   U   |
[   33.942933] cloud-init[707]: ci-info: |   3   |    local    |    ::   |   enp0s3  |   U   |
[   33.956861] cloud-init[707]: ci-info: |   4   |   ff00::/8  |    ::   |   enp0s3  |   U   |
[   33.964420] cloud-init[707]: ci-info: +-------+-------------+---------+-----------+-------+
[   36.585689] cloud-init[707]: Generating public/private rsa key pair.
[   36.592455] cloud-init[707]: Your identification has been saved in /etc/ssh/ssh_host_rsa_key.
[   36.596625] cloud-init[707]: Your public key has been saved in /etc/ssh/ssh_host_rsa_key.pub.
[   36.602453] cloud-init[707]: The key fingerprint is:
[   36.606457] cloud-init[707]: SHA256:TJqD8uZSL/yMkmR86DXJfYPxV3nrT0yT57NoGfq1jdg root@ubuntu-bionic
[   36.612676] cloud-init[707]: The key's randomart image is:
[   36.616320] cloud-init[707]: +---[RSA 2048]----+
[   36.619080] cloud-init[707]: |                 |
[   36.628562] cloud-init[707]: |                 |
[   36.633046] cloud-init[707]: |        .    .   |
[   36.635890] cloud-init[707]: |     ..=    o . .|
[   36.648431] cloud-init[707]: | ..o.o++S  . . +o|
[   36.651566] cloud-init[707]: |  =oB o.+ .  ..+o|
[   36.654503] cloud-init[707]: | + *oo . o  ..oo+|
[   36.668558] cloud-init[707]: |  =ooo.    . =+o=|
[   36.673372] cloud-init[707]: |   oooo     +oE+o|
[   36.676578] cloud-init[707]: +----[SHA256]-----+
[   36.689690] cloud-init[707]: Generating public/private dsa key pair.
[   36.694346] cloud-init[707]: Your identification has been saved in /etc/ssh/ssh_host_dsa_key.
[   36.698830] cloud-init[707]: Your public key has been saved in /etc/ssh/ssh_host_dsa_key.pub.
[   36.703449] cloud-init[707]: The key fingerprint is:
[   36.707170] cloud-init[707]: SHA256:c7wkX9RqPwsLDrTn0X0Bu9QS7IZB26bwADGs6O5gpbM root@ubuntu-bionic
[   36.712341] cloud-init[707]: The key's randomart image is:
[   36.715213] cloud-init[707]: +---[DSA 1024]----+
[   36.719186] cloud-init[707]: |      .+.  .     |
[   36.723499] cloud-init[707]: |       .o . +.   |
[   36.749904] cloud-init[707]: |    . .  o o.*.  |
[   36.753404] cloud-init[707]: |   . .   .+.*.=  |
[   36.760723] cloud-init[707]: |  ..    S +++* o |
[   36.765210] cloud-init[707]: |  o.   . B =ooo .|
[   36.780462] cloud-init[707]: | =.     o * o.+ .|
[   36.792486] cloud-init[707]: |. +.     = o o + |
[   36.796628] cloud-init[707]: | E..      o . .  |
[   36.799828] cloud-init[707]: +----[SHA256]-----+
[   36.803279] cloud-init[707]: Generating public/private ecdsa key pair.
[   36.809507] cloud-init[707]: Your identification has been saved in /etc/ssh/ssh_host_ecdsa_key.
[   36.815231] cloud-init[707]: Your public key has been saved in /etc/ssh/ssh_host_ecdsa_key.pub.
[   36.823813] cloud-init[707]: The key fingerprint is:
[   36.832821] cloud-init[707]: SHA256:Ce2vPgZjYxIXbdnvovcGXN4PlvPzrBTsMGeW8lvOxSo root@ubuntu-bionic
[   36.843375] cloud-init[707]: The key's randomart image is:
[   36.850074] cloud-init[707]: +---[ECDSA 256]---+
[   36.855357] cloud-init[707]: |       . o       |
[   36.860376] cloud-init[707]: |      ..+ .      |
[   36.863517] cloud-init[707]: |      .o.  .     |
[   36.866356] cloud-init[707]: |    . .o .  o. . |
[   36.874911] cloud-init[707]: |     o  S. ++.B. |
[   36.879420] cloud-init[707]: |    . *  .+ oX*o |
[   36.892563] cloud-init[707]: |     + + ..o .+=+|
[   36.905770] cloud-init[707]: |        +.. E. O+|
[   36.920911] cloud-init[707]: |       ooo o..+.B|
[[0;32m  OK  [0m] Started Initial cloud-init job (metadata service crawler).
[   36.937423] cloud-init[707]: +----[SHA256]-----+
[   36.947014] cloud-init[707]: [[0;32m  OK  [0m] Reached target Cloud-config availability.
Generating public/private ed25519 key pair.
[[0;32m  OK  [0m] Reached target System Initialization.
[   36.959644] [[0;32m  OK  [0m] Started Trigger to poll for Ubuntu …(Only enabled on GCP LTS non-pro).
[[0;32m  OK  [0m] Listening on D-Bus System Message Bus Socket.
[[0;32m  OK  [0m] Listening on UUID daemon activation socket.
         Starting Socket activation for snappy daemon.
[[0;32m  OK  [0m] Started Ubuntu Advantage Timer for running repeated jobs.
[[0;32m  OK  [0m] Started ACPI Events Check.
[[0;32m  OK  [0m] Reached target Paths.
[[0;32m  OK  [0m] Listening on ACPID Listen Socket.
[[0;32m  OK  [0m] Started Daily apt download activities.
[[0;32m  OK  [0m] Started Daily apt upgrade and clean activities.
[[0;32m  OK  [0m] Listening on Open-iSCSI iscsid Socket.
[[0;32m  OK  [0m] Listening on cloud-init hotplug hook socket.
[[0;32m  OK  [0m] Started Message of the Day.
[[0;32m  OK  [0m] Started Daily Cleanup of Temporary Directories.
[[0;32m  OK  [0m] Started Discard unused blocks once a week.
[[0;32m  OK  [0m] Reached target Timers.
         Starting LXD - unix socket.
[[0;32m  OK  [0m] Reached target Network is Online.
[[0;32m  OK  [0m] Reached target Remote File Systems (Pre).
[[0;32m  OK  [0m] Reached target Remote File Systems.
         Starting Availability of block devices...
[[0;32m  OK  [0m] Listening on Socket activation for snappy daemon.
[[0;32m  OK  [0m] Listening on LXD - unix socket.
[[0;32m  OK  [0m] Reached target Sockets.
[[0;32m  OK  [0m] Reached target Basic System.
cloud-init[707]: Your identification has been saved in /etc/ssh/ssh_host_ed25519_key.
[   37.074860] cloud-init[707]:          Your public key has been saved in /etc/ssh/ssh_host_ed25519_key.pub.Starting Login Service...

[   37.083930] cloud-init[707]: The key fingerprint is:[[0;32m  OK  [0m] Started Regular background program processing daemon.

[   37.124621]          Starting Pollinate to seed the pseudo random number generator...
         Starting LXD - container startup/shutdown...
         Starting Accounts Service...
[[0;32m  OK  [0m] Started FUSE filesystem for LXC.
         Starting Permit User Sessions...
cloud-init[707]: SHA256:HDGiE7QpFiU51OCOYsKjhIArbMiiwWOjjZJRjGuzBz4 root@ubuntu-bionic
[   37.175894] cloud-init[707]: The key's randomart image is:
[   37.204833] cloud-init[707]: +--[ED25519 256]--+
[   37.207363] cloud-init[707]: | .=*+ . o        |
[   37.209673] cloud-init[707]: |.+oo.= . o       |
[   37.224403] cloud-init[707]: |+ *.=   .        |
[   37.226972] cloud-init[707]: |OB . . . .       |
[   37.230762] cloud-init[707]: |&^.     S        |
[   37.234894] cloud-init[707]: |/*B              |
[   37.237656] cloud-init[707]: |BE..             |
[   37.242554] cloud-init[707]: |. o              |
[   37.263977] cloud-init[707]: |                 |
[   37.273621] cloud-init[707]: +----[SHA256]-----+
         Starting Snap Daemon...
         Starting Virtualbox guest utils...
         Starting Dispatcher daemon for systemd-networkd...
[[0;32m  OK  [0m] Started Deferred execution scheduler.
         Starting System Logging Service...
         Starting LSB: automatic crash report generation...
[[0;32m  OK  [0m] Started irqbalance daemon.
         Starting LSB: Record successful boot for GRUB...
[[0;32m  OK  [0m] Started D-Bus System Message Bus.
[[0;32m  OK  [0m] Started Login Service.
[[0;32m  OK  [0m] Started Unattended Upgrades Shutdown.
[[0;32m  OK  [0m] Started System Logging Service.
[[0;32m  OK  [0m] Started Availability of block devices.
[[0;32m  OK  [0m] Started Permit User Sessions.
         Starting Terminate Plymouth Boot Screen...
         Starting Hold until boot process finishes up...
[[0;32m  OK  [0m] Started Hold until boot process finishes up.
         Starting Set console scheme...
[[0;32m  OK  [0m] Started Serial Getty on ttyS0.
[[0;32m  OK  [0m] Started Set console scheme.
[[0;32m  OK  [0m] Started Terminate Plymouth Boot Screen.
         Starting Authorization Manager...
[[0;32m  OK  [0m] Created slice system-getty.slice.
[[0;32m  OK  [0m] Started Getty on tty1.
[[0;32m  OK  [0m] Reached target Login Prompts.
[[0;32m  OK  [0m] Started LSB: automatic crash report generation.
[[0;32m  OK  [0m] Started LSB: Record successful boot for GRUB.
[[0;32m  OK  [0m] Started Authorization Manager.
[[0;32m  OK  [0m] Started Accounts Service.
[[0;32m  OK  [0m] Started LXD - container startup/shutdown.
[[0;32m  OK  [0m] Started Virtualbox guest utils.
[[0;32m  OK  [0m] Started Dispatcher daemon for systemd-networkd.
[[0;32m  OK  [0m] Started Snap Daemon.
         Starting Wait until snapd is fully seeded...
         Starting Time & Date Service...
[[0;32m  OK  [0m] Started Time & Date Service.
[[0;32m  OK  [0m] Started Pollinate to seed the pseudo random number generator.
         Starting OpenBSD Secure Shell server...
[[0;32m  OK  [0m] Started OpenBSD Secure Shell server.
[[0;32m  OK  [0m] Created slice User Slice of vagrant.
         Starting User Manager for UID 1000...
[[0;32m  OK  [0m] Started Session 1 of user vagrant.
[[0;32m  OK  [0m] Started User Manager for UID 1000.

Ubuntu 18.04.6 LTS ubuntu-bionic ttyS0

ubuntu-bionic login: [   51.473363] cloud-init[1162]: Cloud-init v. 21.4-0ubuntu1~18.04.1 running 'modules:config' at Sun, 20 Mar 2022 08:11:06 +0000. Up 47.95 seconds.
ci-info: no authorized SSH keys fingerprints found for user ubuntu.
<14>Mar 20 08:11:12 cloud-init: #############################################################
<14>Mar 20 08:11:12 cloud-init: -----BEGIN SSH HOST KEY FINGERPRINTS-----
<14>Mar 20 08:11:12 cloud-init: 1024 SHA256:c7wkX9RqPwsLDrTn0X0Bu9QS7IZB26bwADGs6O5gpbM root@ubuntu-bionic (DSA)
<14>Mar 20 08:11:12 cloud-init: 256 SHA256:Ce2vPgZjYxIXbdnvovcGXN4PlvPzrBTsMGeW8lvOxSo root@ubuntu-bionic (ECDSA)
<14>Mar 20 08:11:13 cloud-init: 256 SHA256:HDGiE7QpFiU51OCOYsKjhIArbMiiwWOjjZJRjGuzBz4 root@ubuntu-bionic (ED25519)
<14>Mar 20 08:11:13 cloud-init: 2048 SHA256:TJqD8uZSL/yMkmR86DXJfYPxV3nrT0yT57NoGfq1jdg root@ubuntu-bionic (RSA)
<14>Mar 20 08:11:13 cloud-init: -----END SSH HOST KEY FINGERPRINTS-----
<14>Mar 20 08:11:13 cloud-init: #############################################################
-----BEGIN SSH HOST KEY KEYS-----
ecdsa-sha2-nistp256 AAAAE2VjZHNhLXNoYTItbmlzdHAyNTYAAAAIbmlzdHAyNTYAAABBBLF5N3EMP8Vm+dXKg1jsxw7lBdGwivO2nUd9Xwi5siuQWcN40BTkHB5M1Nqm+GaySrw1IN7ECxnxlKFC8QmKPI8= root@ubuntu-bionic
ssh-ed25519 AAAAC3NzaC1lZDI1NTE5AAAAII+9BAlb8ylQwDumNfkrGgdy9Q/ZkIga/eSMIBJe4lPX root@ubuntu-bionic
ssh-rsa AAAAB3NzaC1yc2EAAAADAQABAAABAQCoxkxYbQCyXa2vshhUSTDU/QLPbg+grTO8vEyDim0o/gL8+tjvBEQkWSIqtRs1cdG9Lwktjs62BQMg46q73/8Uz7Sl2g3H4DOYQvkvYY+KUpctEk7FlkavEOqAMdPEB3rtDfTZQ6BbXkHU/r7jCnblE5g+MIqyjvl7THlVuRwBcBiovnNYN96IkMV1U2p1SGc+pESXoY7ImiSktSx7zaIa6O/rNiui6pEemu+sgTUq6zDKseagN/fQv4QHMWR/v53YjmG0I3znnjZmkBzfNmnoncQuGq2fWQ/zqSMsgAelVG9lj4s0Li61UVt5M9nA6JsLzJsji7KBpA4rcioYgTqX root@ubuntu-bionic
-----END SSH HOST KEY KEYS-----
[   54.691716] cloud-init[1284]: Cloud-init v. 21.4-0ubuntu1~18.04.1 running 'modules:final' at Sun, 20 Mar 2022 08:11:12 +0000. Up 53.91 seconds.
[   54.691961] cloud-init[1284]: ci-info: no authorized SSH keys fingerprints found for user ubuntu.
[   54.692291] cloud-init[1284]: Cloud-init v. 21.4-0ubuntu1~18.04.1 finished at Sun, 20 Mar 2022 08:11:13 +0000. Datasource DataSourceNoCloud [seed=/dev/sdb][dsmode=net].  Up 54.64 seconds
[[0;32m  OK  [0m] Stopped Unattended Upgrades Shutdown.
[[0;32m  OK  [0m] Stopped target Host and Network Name Lookups.
         Stopping User Manager for UID 1000...
[[0;32m  OK  [0m] Closed Load/Save RF Kill Switch Status /dev/rfkill Watch.
         Stopping Availability of block devices...
[[0;32m  OK  [0m] Stopped target Graphical Interface.
[[0;32m  OK  [0m] Stopped target Timers.
[[0;32m  OK  [0m] Stopped Discard unused blocks once a week.
[[0;32m  OK  [0m] Stopped target Cloud-init target.
[[0;32m  OK  [0m] Stopped Execute cloud user/final scripts.
[[0;32m  OK  [0m] Stopped target Multi-User System.
         Stopping FUSE filesystem for LXC...
         Stopping D-Bus System Message Bus...
         Stopping Deferred execution scheduler...
[[0;32m  OK  [0m] Stopped Daily apt upgrade and clean activities.
[[0;32m  OK  [0m] Stopped Daily apt download activities.
         Stopping Virtualbox guest utils...
[[0;32m  OK  [0m] Stopped Ubuntu Advantage Timer for running repeated jobs.
[[0;32m  OK  [0m] Stopped Apply the settings specified in cloud-config.
[[0;32m  OK  [0m] Stopped target Cloud-config availability.
         Stopping LSB: Record successful boot for GRUB...
         Stopping OpenBSD Secure Shell server...
[[0;32m  OK  [0m] Stopped Daily Cleanup of Temporary Directories.
         Stopping irqbalance daemon...
         Stopping Authorization Manager...
[[0;32m  OK  [0m] Stopped Message of the Day.
         Stopping Dispatcher daemon for systemd-networkd...
[[0;32m  OK  [0m] Stopped Wait until snapd is fully seeded.
         Stopping System Logging Service...
         Stopping LSB: automatic crash report generation...
[[0;32m  OK  [0m] Stopped target Login Prompts.
         Stopping Getty on tty1...
         Stopping Session 9 of user vagrant.
         Stopping Accounts Service...
         Stopping LXD - container startup/shutdown...
         Stopping Regular background program processing daemon...
[[0;32m  OK  [0m] Stopped target System Time Synchronized.
[[0;32m  OK  [0m] Unmounted /var/lib/lxcfs.
[[0;32m  OK  [0m] Stopped Regular background program processing daemon.
[[0;32m  OK  [0m] Stopped Accounts Service.
[[0;32m  OK  [0m] Stopped Dispatcher daemon for systemd-networkd.
[[0;32m  OK  [0m] Stopped Deferred execution scheduler.
[[0;32m  OK  [0m] Stopped System Logging Service.
[[0;32m  OK  [0m] Stopped irqbalance daemon.
[[0;32m  OK  [0m] Stopped Serial Getty on ttyS0.
[[0;32m  OK  [0m] Stopped Authorization Manager.
[[0;32m  OK  [0m] Stopped Getty on tty1.
[[0;32m  OK  [0m] Stopped OpenBSD Secure Shell server.
[[0;32m  OK  [0m] Stopped User Manager for UID 1000.
[[0;32m  OK  [0m] Stopped Availability of block devices.
[[0;32m  OK  [0m] Stopped D-Bus System Message Bus.
[[0;32m  OK  [0m] Stopped FUSE filesystem for LXC.
[[0;32m  OK  [0m] Stopped Session 9 of user vagrant.
[[0;32m  OK  [0m] Removed slice User Slice of vagrant.
         Stopping Login Service...
[[0;32m  OK  [0m] Removed slice system-getty.slice.
[[0;32m  OK  [0m] Removed slice system-serial\x2dgetty.slice.
         Stopping Permit User Sessions...
[[0;32m  OK  [0m] Stopped LXD - container startup/shutdown.
[[0;32m  OK  [0m] Stopped LSB: Record successful boot for GRUB.
[[0;32m  OK  [0m] Stopped Permit User Sessions.
[[0;32m  OK  [0m] Stopped LSB: automatic crash report generation.
[[0;32m  OK  [0m] Stopped Login Service.
[[0;32m  OK  [0m] Stopped target Remote File Systems.
[[0;32m  OK  [0m] Stopped target User and Group Name Lookups.
[[0;32m  OK  [0m] Stopped Virtualbox guest utils.
[[0;32m  OK  [0m] Stopped target Basic System.
[[0;32m  OK  [0m] Stopped target Paths.
[[0;32m  OK  [0m] Stopped ACPI Events Check.
[[0;32m  OK  [0m] Stopped Trigger to poll for Ubuntu …(Only enabled on GCP LTS non-pro).
[[0;32m  OK  [0m] Stopped target Sockets.
[[0;32m  OK  [0m] Closed LXD - unix socket.
[[0;32m  OK  [0m] Closed Open-iSCSI iscsid Socket.
[[0;32m  OK  [0m] Closed Socket activation for snappy daemon.
[[0;32m  OK  [0m] Closed ACPID Listen Socket.
[[0;32m  OK  [0m] Closed Syslog Socket.
[[0;32m  OK  [0m] Closed cloud-init hotplug hook socket.
[[0;32m  OK  [0m] Closed D-Bus System Message Bus Socket.
[[0;32m  OK  [0m] Closed UUID daemon activation socket.
[[0;32m  OK  [0m] Stopped target System Initialization.
         Stopping Load/Save Random Seed...
[[0;32m  OK  [0m] Stopped Commit a transient machine-id on disk.
[[0;32m  OK  [0m] Stopped target Local File Systems.
         Unmounting /vagrant...
         Unmounting /run/user/1000...
[[0;32m  OK  [0m] Stopped target Local Encrypted Volumes.
[[0;32m  OK  [0m] Stopped Dispatch Password Requests to Console Directory Watch.
[[0;32m  OK  [0m] Stopped Forward Password Requests to Wall Directory Watch.
         Stopping Update UTMP about System Boot/Shutdown...
[[0;32m  OK  [0m] Stopped target Slices.
[[0;32m  OK  [0m] Removed slice User and Session Slice.
[[0;32m  OK  [0m] Stopped Load/Save Random Seed.
[[0;32m  OK  [0m] Unmounted /vagrant.
[[0;32m  OK  [0m] Unmounted /run/user/1000.
[[0;32m  OK  [0m] Stopped target Swap.
[[0;32m  OK  [0m] Reached target Unmount All Filesystems.
[[0;32m  OK  [0m] Stopped target Remote File Systems (Pre).
[[0;32m  OK  [0m] Stopped target Local File Systems (Pre).
         Stopping Monitoring of LVM2 mirrors…ng dmeventd or progress polling...
[[0;32m  OK  [0m] Stopped Create Static Device Nodes in /dev.
[[0;32m  OK  [0m] Stopped target Network is Online.
[[0;32m  OK  [0m] Stopped target Network.
         Stopping Network Name Resolution...
[[0;32m  OK  [0m] Stopped Initial cloud-init job (metadata service crawler).
[[0;32m  OK  [0m] Stopped Wait for Network to be Configured.
[[0;32m  OK  [0m] Stopped Network Name Resolution.
[[0;32m  OK  [0m] Stopped Update UTMP about System Boot/Shutdown.
         Stopping Network Service...
[[0;32m  OK  [0m] Stopped Monitoring of LVM2 mirrors,…sing dmeventd or progress polling.
         Stopping LVM2 metadata daemon...
[[0;32m  OK  [0m] Stopped LVM2 metadata daemon.
[[0;32m  OK  [0m] Stopped Network Service.
[[0;32m  OK  [0m] Stopped Apply Kernel Variables.
[[0;32m  OK  [0m] Stopped Load Kernel Modules.
[[0;32m  OK  [0m] Stopped target Network (Pre).
[[0;32m  OK  [0m] Stopped Initial cloud-init job (pre-networking).
[[0;32m  OK  [0m] Stopped Remount Root and Kernel File Systems.
[[0;32m  OK  [0m] Reached target Shutdown.
[[0;32m  OK  [0m] Reached target Final Step.
         Starting Power-Off...
[  437.021387] reboot: Power down
